{"/home/shotler/github/personal-projects/omnistack/omnistack-semana-11/backend/knexfile.js": {"path":"/home/shotler/github/personal-projects/omnistack/omnistack-semana-11/backend/knexfile.js","statementMap":{"0":{"start":{"line":3,"column":0},"end":{"line":60,"column":2}}},"fnMap":{},"branchMap":{},"s":{"0":1},"f":{},"b":{},"_coverageSchema":"1a1c01bbd47fc00a2c39e90264f33305004495a9","hash":"766ec63b09a5cde6caccf9ba2b846bb1d0529f91"}
,"/home/shotler/github/personal-projects/omnistack/omnistack-semana-11/backend/src/app.js": {"path":"/home/shotler/github/personal-projects/omnistack/omnistack-semana-11/backend/src/app.js","statementMap":{"0":{"start":{"line":32,"column":16},"end":{"line":32,"column":34}},"1":{"start":{"line":33,"column":13},"end":{"line":33,"column":28}},"2":{"start":{"line":34,"column":19},"end":{"line":34,"column":39}},"3":{"start":{"line":35,"column":15},"end":{"line":35,"column":34}},"4":{"start":{"line":37,"column":12},"end":{"line":37,"column":21}},"5":{"start":{"line":39,"column":0},"end":{"line":39,"column":16}},"6":{"start":{"line":40,"column":0},"end":{"line":40,"column":24}},"7":{"start":{"line":41,"column":0},"end":{"line":41,"column":16}},"8":{"start":{"line":42,"column":0},"end":{"line":42,"column":18}},"9":{"start":{"line":44,"column":0},"end":{"line":44,"column":21}}},"fnMap":{},"branchMap":{},"s":{"0":1,"1":1,"2":1,"3":1,"4":1,"5":1,"6":1,"7":1,"8":1,"9":1},"f":{},"b":{},"_coverageSchema":"1a1c01bbd47fc00a2c39e90264f33305004495a9","hash":"6a306c5b1dd9c4f574d7b2070e9b04fcc3e36368"}
,"/home/shotler/github/personal-projects/omnistack/omnistack-semana-11/backend/src/routes.js": {"path":"/home/shotler/github/personal-projects/omnistack/omnistack-semana-11/backend/src/routes.js","statementMap":{"0":{"start":{"line":1,"column":16},"end":{"line":1,"column":34}},"1":{"start":{"line":2,"column":37},"end":{"line":2,"column":57}},"2":{"start":{"line":4,"column":22},"end":{"line":4,"column":60}},"3":{"start":{"line":5,"column":27},"end":{"line":5,"column":70}},"4":{"start":{"line":6,"column":26},"end":{"line":6,"column":68}},"5":{"start":{"line":7,"column":26},"end":{"line":7,"column":68}},"6":{"start":{"line":9,"column":15},"end":{"line":9,"column":31}},"7":{"start":{"line":12,"column":0},"end":{"line":12,"column":51}},"8":{"start":{"line":15,"column":0},"end":{"line":15,"column":41}},"9":{"start":{"line":16,"column":0},"end":{"line":24,"column":26}},"10":{"start":{"line":26,"column":0},"end":{"line":30,"column":29}},"11":{"start":{"line":32,"column":0},"end":{"line":36,"column":30}},"12":{"start":{"line":39,"column":0},"end":{"line":39,"column":53}},"13":{"start":{"line":41,"column":0},"end":{"line":45,"column":31}},"14":{"start":{"line":47,"column":0},"end":{"line":47,"column":24}}},"fnMap":{},"branchMap":{},"s":{"0":1,"1":1,"2":1,"3":1,"4":1,"5":1,"6":1,"7":1,"8":1,"9":1,"10":1,"11":1,"12":1,"13":1,"14":1},"f":{},"b":{},"_coverageSchema":"1a1c01bbd47fc00a2c39e90264f33305004495a9","hash":"3f544031462b1624cffd41f423a048a9dff4bc28"}
,"/home/shotler/github/personal-projects/omnistack/omnistack-semana-11/backend/src/controllers/IncidentController.js": {"path":"/home/shotler/github/personal-projects/omnistack/omnistack-semana-11/backend/src/controllers/IncidentController.js","statementMap":{"0":{"start":{"line":1,"column":19},"end":{"line":1,"column":52}},"1":{"start":{"line":3,"column":0},"end":{"line":58,"column":2}},"2":{"start":{"line":5,"column":29},"end":{"line":5,"column":42}},"3":{"start":{"line":7,"column":24},"end":{"line":7,"column":61}},"4":{"start":{"line":9,"column":26},"end":{"line":20,"column":14}},"5":{"start":{"line":22,"column":8},"end":{"line":22,"column":60}},"6":{"start":{"line":24,"column":8},"end":{"line":24,"column":40}},"7":{"start":{"line":28,"column":46},"end":{"line":28,"column":58}},"8":{"start":{"line":29,"column":23},"end":{"line":29,"column":52}},"9":{"start":{"line":31,"column":21},"end":{"line":36,"column":10}},"10":{"start":{"line":38,"column":8},"end":{"line":38,"column":37}},"11":{"start":{"line":42,"column":23},"end":{"line":42,"column":37}},"12":{"start":{"line":43,"column":23},"end":{"line":43,"column":52}},"13":{"start":{"line":45,"column":26},"end":{"line":48,"column":20}},"14":{"start":{"line":50,"column":8},"end":{"line":52,"column":9}},"15":{"start":{"line":51,"column":12},"end":{"line":51,"column":85}},"16":{"start":{"line":54,"column":8},"end":{"line":54,"column":63}},"17":{"start":{"line":56,"column":8},"end":{"line":56,"column":43}}},"fnMap":{"0":{"name":"(anonymous_0)","decl":{"start":{"line":4,"column":4},"end":{"line":4,"column":5}},"loc":{"start":{"line":4,"column":35},"end":{"line":25,"column":5}},"line":4},"1":{"name":"(anonymous_1)","decl":{"start":{"line":27,"column":4},"end":{"line":27,"column":5}},"loc":{"start":{"line":27,"column":36},"end":{"line":39,"column":5}},"line":27},"2":{"name":"(anonymous_2)","decl":{"start":{"line":41,"column":4},"end":{"line":41,"column":5}},"loc":{"start":{"line":41,"column":36},"end":{"line":57,"column":5}},"line":41}},"branchMap":{"0":{"loc":{"start":{"line":5,"column":16},"end":{"line":5,"column":24}},"type":"default-arg","locations":[{"start":{"line":5,"column":23},"end":{"line":5,"column":24}}],"line":5},"1":{"loc":{"start":{"line":50,"column":8},"end":{"line":52,"column":9}},"type":"if","locations":[{"start":{"line":50,"column":8},"end":{"line":52,"column":9}},{"start":{"line":50,"column":8},"end":{"line":52,"column":9}}],"line":50}},"s":{"0":1,"1":1,"2":0,"3":0,"4":0,"5":0,"6":0,"7":0,"8":0,"9":0,"10":0,"11":0,"12":0,"13":0,"14":0,"15":0,"16":0,"17":0},"f":{"0":0,"1":0,"2":0},"b":{"0":[0],"1":[0,0]},"_coverageSchema":"1a1c01bbd47fc00a2c39e90264f33305004495a9","hash":"9c876f4da7d7f94eb04547cad2ec9bd2f9c1e989"}
,"/home/shotler/github/personal-projects/omnistack/omnistack-semana-11/backend/src/controllers/OngController.js": {"path":"/home/shotler/github/personal-projects/omnistack/omnistack-semana-11/backend/src/controllers/OngController.js","statementMap":{"0":{"start":{"line":1,"column":25},"end":{"line":1,"column":59}},"1":{"start":{"line":2,"column":19},"end":{"line":2,"column":52}},"2":{"start":{"line":4,"column":0},"end":{"line":27,"column":2}},"3":{"start":{"line":6,"column":21},"end":{"line":6,"column":57}},"4":{"start":{"line":8,"column":8},"end":{"line":8,"column":35}},"5":{"start":{"line":12,"column":51},"end":{"line":12,"column":63}},"6":{"start":{"line":14,"column":19},"end":{"line":14,"column":37}},"7":{"start":{"line":16,"column":8},"end":{"line":23,"column":10}},"8":{"start":{"line":25,"column":8},"end":{"line":25,"column":37}}},"fnMap":{"0":{"name":"(anonymous_0)","decl":{"start":{"line":5,"column":4},"end":{"line":5,"column":5}},"loc":{"start":{"line":5,"column":35},"end":{"line":9,"column":5}},"line":5},"1":{"name":"(anonymous_1)","decl":{"start":{"line":11,"column":4},"end":{"line":11,"column":5}},"loc":{"start":{"line":11,"column":36},"end":{"line":26,"column":5}},"line":11}},"branchMap":{},"s":{"0":1,"1":1,"2":1,"3":0,"4":0,"5":1,"6":1,"7":1,"8":1},"f":{"0":0,"1":1},"b":{},"_coverageSchema":"1a1c01bbd47fc00a2c39e90264f33305004495a9","hash":"9f1f2631173ebe5839f0f4de02f697abcab2e441"}
,"/home/shotler/github/personal-projects/omnistack/omnistack-semana-11/backend/src/controllers/ProfileController.js": {"path":"/home/shotler/github/personal-projects/omnistack/omnistack-semana-11/backend/src/controllers/ProfileController.js","statementMap":{"0":{"start":{"line":1,"column":19},"end":{"line":1,"column":52}},"1":{"start":{"line":3,"column":0},"end":{"line":13,"column":1}},"2":{"start":{"line":5,"column":23},"end":{"line":5,"column":52}},"3":{"start":{"line":7,"column":26},"end":{"line":9,"column":24}},"4":{"start":{"line":11,"column":8},"end":{"line":11,"column":40}}},"fnMap":{"0":{"name":"(anonymous_0)","decl":{"start":{"line":4,"column":4},"end":{"line":4,"column":5}},"loc":{"start":{"line":4,"column":35},"end":{"line":12,"column":5}},"line":4}},"branchMap":{},"s":{"0":1,"1":1,"2":0,"3":0,"4":0},"f":{"0":0},"b":{},"_coverageSchema":"1a1c01bbd47fc00a2c39e90264f33305004495a9","hash":"06a988bc6037b2bdd8af37ba99b07f0f51b10789"}
,"/home/shotler/github/personal-projects/omnistack/omnistack-semana-11/backend/src/controllers/SessionController.js": {"path":"/home/shotler/github/personal-projects/omnistack/omnistack-semana-11/backend/src/controllers/SessionController.js","statementMap":{"0":{"start":{"line":1,"column":19},"end":{"line":1,"column":52}},"1":{"start":{"line":3,"column":0},"end":{"line":18,"column":1}},"2":{"start":{"line":5,"column":23},"end":{"line":5,"column":35}},"3":{"start":{"line":7,"column":20},"end":{"line":10,"column":20}},"4":{"start":{"line":12,"column":8},"end":{"line":14,"column":9}},"5":{"start":{"line":13,"column":12},"end":{"line":13,"column":86}},"6":{"start":{"line":16,"column":8},"end":{"line":16,"column":34}}},"fnMap":{"0":{"name":"(anonymous_0)","decl":{"start":{"line":4,"column":4},"end":{"line":4,"column":5}},"loc":{"start":{"line":4,"column":36},"end":{"line":17,"column":5}},"line":4}},"branchMap":{"0":{"loc":{"start":{"line":12,"column":8},"end":{"line":14,"column":9}},"type":"if","locations":[{"start":{"line":12,"column":8},"end":{"line":14,"column":9}},{"start":{"line":12,"column":8},"end":{"line":14,"column":9}}],"line":12}},"s":{"0":1,"1":1,"2":0,"3":0,"4":0,"5":0,"6":0},"f":{"0":0},"b":{"0":[0,0]},"_coverageSchema":"1a1c01bbd47fc00a2c39e90264f33305004495a9","hash":"77657c0c2b6b7c9f4f708dccdc2b2c4c59ac0d1f"}
,"/home/shotler/github/personal-projects/omnistack/omnistack-semana-11/backend/src/database/connection.js": {"path":"/home/shotler/github/personal-projects/omnistack/omnistack-semana-11/backend/src/database/connection.js","statementMap":{"0":{"start":{"line":1,"column":13},"end":{"line":1,"column":28}},"1":{"start":{"line":2,"column":22},"end":{"line":2,"column":47}},"2":{"start":{"line":4,"column":15},"end":{"line":4,"column":94}},"3":{"start":{"line":6,"column":19},"end":{"line":6,"column":31}},"4":{"start":{"line":8,"column":0},"end":{"line":8,"column":28}}},"fnMap":{},"branchMap":{"0":{"loc":{"start":{"line":4,"column":15},"end":{"line":4,"column":94}},"type":"cond-expr","locations":[{"start":{"line":4,"column":49},"end":{"line":4,"column":67}},{"start":{"line":4,"column":69},"end":{"line":4,"column":94}}],"line":4}},"s":{"0":1,"1":1,"2":1,"3":1,"4":1},"f":{},"b":{"0":[1,0]},"_coverageSchema":"1a1c01bbd47fc00a2c39e90264f33305004495a9","hash":"9478467d2ef1e0528b5f2e70b9c3971614606d11"}
,"/home/shotler/github/personal-projects/omnistack/omnistack-semana-11/backend/src/database/migrations/20200325224659_create_ongs.js": {"path":"/home/shotler/github/personal-projects/omnistack/omnistack-semana-11/backend/src/database/migrations/20200325224659_create_ongs.js","statementMap":{"0":{"start":{"line":2,"column":0},"end":{"line":11,"column":2}},"1":{"start":{"line":3,"column":4},"end":{"line":10,"column":7}},"2":{"start":{"line":4,"column":8},"end":{"line":4,"column":37}},"3":{"start":{"line":5,"column":8},"end":{"line":5,"column":43}},"4":{"start":{"line":6,"column":8},"end":{"line":6,"column":44}},"5":{"start":{"line":7,"column":8},"end":{"line":7,"column":47}},"6":{"start":{"line":8,"column":8},"end":{"line":8,"column":43}},"7":{"start":{"line":9,"column":8},"end":{"line":9,"column":44}},"8":{"start":{"line":13,"column":0},"end":{"line":15,"column":2}},"9":{"start":{"line":14,"column":4},"end":{"line":14,"column":41}}},"fnMap":{"0":{"name":"(anonymous_0)","decl":{"start":{"line":2,"column":13},"end":{"line":2,"column":14}},"loc":{"start":{"line":2,"column":28},"end":{"line":11,"column":1}},"line":2},"1":{"name":"(anonymous_1)","decl":{"start":{"line":3,"column":43},"end":{"line":3,"column":44}},"loc":{"start":{"line":3,"column":60},"end":{"line":10,"column":5}},"line":3},"2":{"name":"(anonymous_2)","decl":{"start":{"line":13,"column":15},"end":{"line":13,"column":16}},"loc":{"start":{"line":13,"column":30},"end":{"line":15,"column":1}},"line":13}},"branchMap":{},"s":{"0":1,"1":1,"2":1,"3":1,"4":1,"5":1,"6":1,"7":1,"8":1,"9":1},"f":{"0":1,"1":1,"2":1},"b":{},"_coverageSchema":"1a1c01bbd47fc00a2c39e90264f33305004495a9","hash":"f3510ba572b826d335830fd466f666060a67c775"}
,"/home/shotler/github/personal-projects/omnistack/omnistack-semana-11/backend/src/database/migrations/20200325225343_create_incidents.js": {"path":"/home/shotler/github/personal-projects/omnistack/omnistack-semana-11/backend/src/database/migrations/20200325225343_create_incidents.js","statementMap":{"0":{"start":{"line":2,"column":0},"end":{"line":14,"column":2}},"1":{"start":{"line":3,"column":4},"end":{"line":13,"column":7}},"2":{"start":{"line":4,"column":8},"end":{"line":4,"column":27}},"3":{"start":{"line":6,"column":8},"end":{"line":6,"column":44}},"4":{"start":{"line":7,"column":8},"end":{"line":7,"column":50}},"5":{"start":{"line":8,"column":8},"end":{"line":8,"column":45}},"6":{"start":{"line":10,"column":8},"end":{"line":10,"column":45}},"7":{"start":{"line":12,"column":8},"end":{"line":12,"column":65}},"8":{"start":{"line":16,"column":0},"end":{"line":18,"column":2}},"9":{"start":{"line":17,"column":4},"end":{"line":17,"column":46}}},"fnMap":{"0":{"name":"(anonymous_0)","decl":{"start":{"line":2,"column":13},"end":{"line":2,"column":14}},"loc":{"start":{"line":2,"column":28},"end":{"line":14,"column":1}},"line":2},"1":{"name":"(anonymous_1)","decl":{"start":{"line":3,"column":48},"end":{"line":3,"column":49}},"loc":{"start":{"line":3,"column":65},"end":{"line":13,"column":5}},"line":3},"2":{"name":"(anonymous_2)","decl":{"start":{"line":16,"column":15},"end":{"line":16,"column":16}},"loc":{"start":{"line":16,"column":30},"end":{"line":18,"column":1}},"line":16}},"branchMap":{},"s":{"0":1,"1":1,"2":1,"3":1,"4":1,"5":1,"6":1,"7":1,"8":1,"9":1},"f":{"0":1,"1":1,"2":1},"b":{},"_coverageSchema":"1a1c01bbd47fc00a2c39e90264f33305004495a9","hash":"22aea8999acd3f310954a006a26904e1d0d87fc0"}
,"/home/shotler/github/personal-projects/omnistack/omnistack-semana-11/backend/src/utils/generateUniqId.js": {"path":"/home/shotler/github/personal-projects/omnistack/omnistack-semana-11/backend/src/utils/generateUniqId.js","statementMap":{"0":{"start":{"line":1,"column":15},"end":{"line":1,"column":32}},"1":{"start":{"line":3,"column":0},"end":{"line":5,"column":1}},"2":{"start":{"line":4,"column":2},"end":{"line":4,"column":47}}},"fnMap":{"0":{"name":"generateUniqueId","decl":{"start":{"line":3,"column":26},"end":{"line":3,"column":42}},"loc":{"start":{"line":3,"column":46},"end":{"line":5,"column":1}},"line":3}},"branchMap":{},"s":{"0":2,"1":2,"2":2},"f":{"0":2},"b":{},"_coverageSchema":"1a1c01bbd47fc00a2c39e90264f33305004495a9","hash":"6328d86176a7ed99d408eb09114f383c48ce4d03"}
}
